<?xml version="1.0" encoding="UTF-8"?>
<!-- Generated by org.testng.reporters.JUnitReportReporter -->
<testsuite hostname="DESKTOP-583CPCV" failures="0" tests="1" name="com.test.testngexample" time="0.006" errors="0" timestamp="2022-02-28T19:59:24 GMT-05:00" skipped="0">
  <testcase classname="com.test.testngexample" name="nine" time="0.006"/>
  <system-out/>
</testsuite> <!-- com.test.testngexample -->
